TN:
SF:LoginScreen.js
FN:15,(anonymous_0)
FN:20,(anonymous_1)
FN:93,(anonymous_2)
FN:105,(anonymous_3)
FNF:4
FNH:2
FNDA:8,(anonymous_0)
FNDA:2,(anonymous_1)
FNDA:0,(anonymous_2)
FNDA:0,(anonymous_3)
DA:15,1
DA:16,8
DA:17,8
DA:18,8
DA:20,8
DA:21,2
DA:22,2
DA:27,1
DA:29,1
DA:31,1
DA:40,1
DA:42,1
DA:43,1
DA:47,8
DA:93,0
DA:105,0
DA:115,1
LF:17
LH:15
BRDA:74,0,0,1
BRDA:74,0,1,7
BRF:2
BRH:2
end_of_record
TN:
SF:MainNavigatieBar.js
FN:6,(anonymous_0)
FN:9,(anonymous_1)
FN:30,(anonymous_2)
FN:37,(anonymous_3)
FN:44,(anonymous_4)
FN:51,(anonymous_5)
FNF:6
FNH:5
FNDA:6,(anonymous_0)
FNDA:4,(anonymous_1)
FNDA:2,(anonymous_2)
FNDA:1,(anonymous_3)
FNDA:0,(anonymous_4)
FNDA:1,(anonymous_5)
DA:6,2
DA:7,6
DA:9,6
DA:11,4
DA:13,4
DA:15,3
DA:19,2
DA:21,1
DA:26,6
DA:30,2
DA:37,1
DA:44,0
DA:51,1
DA:60,2
LF:14
LH:13
BRDA:13,0,0,3
BRDA:13,0,1,1
BRDA:15,1,0,2
BRDA:15,1,1,1
BRDA:16,2,0,3
BRDA:16,2,1,3
BRF:6
BRH:6
end_of_record
TN:
SF:NavigatieBar.js
FN:5,(anonymous_0)
FN:8,(anonymous_1)
FN:28,(anonymous_2)
FN:35,(anonymous_3)
FN:42,(anonymous_4)
FNF:5
FNH:5
FNDA:4,(anonymous_0)
FNDA:4,(anonymous_1)
FNDA:2,(anonymous_2)
FNDA:1,(anonymous_3)
FNDA:1,(anonymous_4)
DA:5,1
DA:6,4
DA:8,4
DA:10,4
DA:12,4
DA:13,2
DA:17,1
DA:19,1
DA:24,4
DA:28,2
DA:35,1
DA:42,1
DA:51,1
LF:13
LH:13
BRDA:12,0,0,2
BRDA:12,0,1,2
BRDA:13,1,0,1
BRDA:13,1,1,1
BRDA:14,2,0,2
BRDA:14,2,1,0
BRDA:14,2,2,2
BRDA:14,2,3,2
BRF:8
BRH:7
end_of_record
TN:
SF:Rooster.js
FN:15,(anonymous_0)
FN:129,(anonymous_1)
FN:137,(anonymous_2)
FN:139,(anonymous_3)
FN:156,(anonymous_4)
FN:162,(anonymous_5)
FN:163,(anonymous_6)
FN:166,(anonymous_7)
FN:167,(anonymous_8)
FN:170,(anonymous_9)
FN:188,(anonymous_10)
FN:228,(anonymous_11)
FNF:12
FNH:7
FNDA:2,(anonymous_0)
FNDA:2,(anonymous_1)
FNDA:10,(anonymous_2)
FNDA:1,(anonymous_3)
FNDA:6,(anonymous_4)
FNDA:0,(anonymous_5)
FNDA:0,(anonymous_6)
FNDA:0,(anonymous_7)
FNDA:0,(anonymous_8)
FNDA:0,(anonymous_9)
FNDA:24,(anonymous_10)
FNDA:1,(anonymous_11)
DA:15,1
DA:16,2
DA:126,2
DA:129,1
DA:130,2
DA:131,2
DA:132,2
DA:133,2
DA:135,2
DA:137,2
DA:138,10
DA:140,1
DA:141,1
DA:156,2
DA:157,6
DA:162,2
DA:163,0
DA:166,2
DA:167,0
DA:170,2
DA:171,0
DA:172,0
DA:175,2
DA:188,24
DA:230,1
DA:231,1
DA:232,1
DA:234,1
DA:250,1
LF:29
LH:25
BRDA:126,0,0,2
BRDA:126,0,1,0
BRDA:194,1,0,2
BRDA:194,1,1,1
BRDA:230,2,0,1
BRDA:230,2,1,0
BRDA:230,3,0,1
BRDA:230,3,1,1
BRF:8
BRH:6
end_of_record
TN:
SF:assets\Map.png
FNF:0
FNH:0
DA:1,3
LF:1
LH:1
BRF:0
BRH:0
end_of_record
TN:
SF:assets\Meer.png
FNF:0
FNH:0
DA:1,3
LF:1
LH:1
BRF:0
BRH:0
end_of_record
TN:
SF:assets\Rooster.png
FNF:0
FNH:0
DA:1,2
LF:1
LH:1
BRF:0
BRH:0
end_of_record
TN:
SF:assets\Route.png
FNF:0
FNH:0
DA:1,3
LF:1
LH:1
BRF:0
BRH:0
end_of_record
TN:
SF:assets\Windesheim_logo+pay-off_ZG_RGB-DEF.png
FNF:0
FNH:0
DA:1,1
LF:1
LH:1
BRF:0
BRH:0
end_of_record
